Wed, 24 Jul 2019 13:32:13 : INFO 单机登录，即将测试[RD50C_RSU]产品的[RSDB0单板功能测试工位]
Wed, 24 Jul 2019 13:33:45 : INFO 开始测试产品[RD50C_RSU]的[RSDB0单板功能测试工位](维修测试)
Wed, 24 Jul 2019 13:33:51 : INFO 串口测试(编号:08)测试失败：串口测试失败，输出:<无>
Wed, 24 Jul 2019 13:33:51 : INFO 产品[RD50C_RSU][RSDB0单板功能测试工位]测试完成，结果不通过！
Wed, 24 Jul 2019 13:34:26 : INFO 单机登录，即将测试[RD50C_RSU]产品的[RSDB0单板功能测试工位]
Wed, 24 Jul 2019 13:34:28 : INFO 检测员[单机]退出
Wed, 24 Jul 2019 13:34:31 : INFO 单机登录，即将测试[RD50C_RSU]产品的[RSDB0单板功能测试工位]
Wed, 24 Jul 2019 13:34:36 : INFO 开始测试产品[RD50C_RSU]的[RSDB0单板功能测试工位](维修测试)
Wed, 24 Jul 2019 13:34:42 : INFO 串口测试(编号:08)测试失败：串口测试失败，输出:<无>
Wed, 24 Jul 2019 13:34:42 : INFO 产品[RD50C_RSU][RSDB0单板功能测试工位]测试完成，结果不通过！
Wed, 24 Jul 2019 13:36:31 : INFO 单机登录，即将测试[RD50C_RSU]产品的[RSDB0单板功能测试工位]
Wed, 24 Jul 2019 13:36:33 : INFO 检测员[单机]退出
Wed, 24 Jul 2019 13:36:39 : INFO 单机登录，即将测试[RD50C_RSU]产品的[RSDB0单板功能测试工位]
Wed, 24 Jul 2019 13:36:44 : INFO 开始测试产品[RD50C_RSU]的[RSDB0单板功能测试工位](维修测试)
Wed, 24 Jul 2019 13:36:50 : INFO 串口测试(编号:08)测试失败：串口测试失败，输出:<无>
Wed, 24 Jul 2019 13:36:50 : INFO 产品[RD50C_RSU][RSDB0单板功能测试工位]测试完成，结果不通过！
Wed, 24 Jul 2019 13:36:58 : INFO 单机登录，即将测试[RD50C_RSU]产品的[RSDB0单板功能测试工位]
Wed, 24 Jul 2019 13:36:59 : INFO 检测员[单机]退出
Wed, 24 Jul 2019 13:37:02 : INFO 单机登录，即将测试[RD50C_RSU]产品的[RSDB0单板功能测试工位]
Wed, 24 Jul 2019 13:37:06 : INFO 开始测试产品[RD50C_RSU]的[RSDB0单板功能测试工位](维修测试)
Wed, 24 Jul 2019 13:37:13 : INFO 串口测试(编号:08)测试失败：串口测试失败，输出:<无>
Wed, 24 Jul 2019 13:37:13 : INFO 产品[RD50C_RSU][RSDB0单板功能测试工位]测试完成，结果不通过！
Wed, 24 Jul 2019 13:37:45 : INFO 单机登录，即将测试[RD50C_RSU]产品的[RSDB0单板功能测试工位]
Wed, 24 Jul 2019 13:37:49 : INFO 开始测试产品[RD50C_RSU]的[RSDB0单板功能测试工位](维修测试)
Wed, 24 Jul 2019 13:37:55 : INFO 串口测试(编号:08)测试失败：串口测试失败，输出:<无>
Wed, 24 Jul 2019 13:37:55 : INFO 产品[RD50C_RSU][RSDB0单板功能测试工位]测试完成，结果不通过！
Wed, 24 Jul 2019 13:38:12 : INFO 单机登录，即将测试[RD50C_RSU]产品的[RSDB0单板功能测试工位]
Wed, 24 Jul 2019 13:38:14 : INFO 检测员[单机]退出
Wed, 24 Jul 2019 13:38:18 : INFO 单机登录，即将测试[RD50C_RSU]产品的[RSDB0单板功能测试工位]
Wed, 24 Jul 2019 13:38:22 : INFO 开始测试产品[RD50C_RSU]的[RSDB0单板功能测试工位](维修测试)
Wed, 24 Jul 2019 13:38:28 : INFO 串口测试(编号:08)测试失败：串口测试失败，输出:<无>
Wed, 24 Jul 2019 13:38:28 : INFO 产品[RD50C_RSU][RSDB0单板功能测试工位]测试完成，结果不通过！
Wed, 24 Jul 2019 13:38:45 : INFO 单机登录，即将测试[RD50C_RSU]产品的[RSDB0单板功能测试工位]
Wed, 24 Jul 2019 13:38:46 : INFO 检测员[单机]退出
Wed, 24 Jul 2019 13:38:52 : INFO 单机登录，即将测试[RD50C_RSU]产品的[RSDB0单板功能测试工位]
Wed, 24 Jul 2019 13:38:56 : INFO 开始测试产品[RD50C_RSU]的[RSDB0单板功能测试工位](维修测试)
Wed, 24 Jul 2019 13:39:08 : INFO 串口测试(编号:08)测试失败：串口测试失败，输出:<无>
Wed, 24 Jul 2019 13:39:08 : INFO 产品[RD50C_RSU][RSDB0单板功能测试工位]测试完成，结果不通过！
Wed, 24 Jul 2019 13:39:56 : INFO 单机登录，即将测试[RD50C_RSU]产品的[RSDB0单板功能测试工位]
Wed, 24 Jul 2019 13:39:56 : INFO 开始测试产品[RD50C_RSU]的[RSDB0单板功能测试工位](维修测试)
Wed, 24 Jul 2019 13:39:59 : INFO 由于[用户人工中止]，本次测试流程终止，本次测试结果抛弃！
Wed, 24 Jul 2019 13:40:05 : INFO 开始测试产品[RD50C_RSU]的[RSDB0单板功能测试工位](维修测试)
Wed, 24 Jul 2019 13:40:11 : INFO 串口测试(编号:08)测试失败：串口测试失败，输出:<无>
Wed, 24 Jul 2019 13:40:11 : INFO 产品[RD50C_RSU][RSDB0单板功能测试工位]测试完成，结果不通过！
Wed, 24 Jul 2019 13:40:41 : INFO 单机登录，即将测试[RD50C_RSU]产品的[RSDB0单板功能测试工位]
Wed, 24 Jul 2019 13:40:45 : INFO 开始测试产品[RD50C_RSU]的[RSDB0单板功能测试工位](维修测试)
Wed, 24 Jul 2019 13:40:53 : INFO 串口测试(编号:08)测试失败：串口测试失败，输出:<无>
Wed, 24 Jul 2019 13:40:53 : INFO 产品[RD50C_RSU][RSDB0单板功能测试工位]测试完成，结果不通过！
Wed, 24 Jul 2019 13:41:17 : INFO 单机登录，即将测试[RD50C_RSU]产品的[RSDB0单板功能测试工位]
Wed, 24 Jul 2019 13:41:17 : INFO 开始测试产品[RD50C_RSU]的[RSDB0单板功能测试工位](维修测试)
Wed, 24 Jul 2019 13:41:19 : INFO 由于[用户人工中止]，本次测试流程终止，本次测试结果抛弃！
Wed, 24 Jul 2019 13:41:25 : INFO 开始测试产品[RD50C_RSU]的[RSDB0单板功能测试工位](维修测试)
Wed, 24 Jul 2019 13:41:33 : INFO 串口测试(编号:08)测试失败：串口测试失败，输出:<无>
Wed, 24 Jul 2019 13:41:33 : INFO 产品[RD50C_RSU][RSDB0单板功能测试工位]测试完成，结果不通过！
Wed, 24 Jul 2019 13:41:48 : INFO 单机登录，即将测试[RD50C_RSU]产品的[RSDB0单板功能测试工位]
Wed, 24 Jul 2019 13:41:48 : INFO 开始测试产品[RD50C_RSU]的[RSDB0单板功能测试工位](维修测试)
Wed, 24 Jul 2019 13:41:51 : INFO 由于[用户人工中止]，本次测试流程终止，本次测试结果抛弃！
Wed, 24 Jul 2019 13:41:56 : INFO 开始测试产品[RD50C_RSU]的[RSDB0单板功能测试工位](维修测试)
Wed, 24 Jul 2019 13:42:04 : INFO 串口测试(编号:08)测试失败：串口测试失败，输出:<无>
Wed, 24 Jul 2019 13:42:04 : INFO 产品[RD50C_RSU][RSDB0单板功能测试工位]测试完成，结果不通过！
Wed, 24 Jul 2019 13:43:10 : INFO 单机登录，即将测试[RD50C_RSU]产品的[RSDB0单板功能测试工位]
Wed, 24 Jul 2019 13:43:28 : INFO 开始测试产品[RD50C_RSU]的[RSDB0单板功能测试工位](维修测试)
Wed, 24 Jul 2019 13:43:37 : INFO 串口测试(编号:08)测试失败：串口测试失败，输出:<无>
Wed, 24 Jul 2019 13:43:37 : INFO 产品[RD50C_RSU][RSDB0单板功能测试工位]测试完成，结果不通过！
Wed, 24 Jul 2019 13:55:34 : INFO 单机登录，即将测试[RD50C_RSU]产品的[RSDB0单板功能测试工位]
Wed, 24 Jul 2019 13:56:21 : INFO 单机登录，即将测试[RD50C_RSU]产品的[RSDB0单板功能测试工位]
Wed, 24 Jul 2019 13:56:25 : INFO 开始测试产品[RD50C_RSU]的[RSDB0单板功能测试工位](维修测试)
Wed, 24 Jul 2019 13:56:27 : INFO 由于[请检查工装连接是否正常]，本次测试流程终止，本次测试结果抛弃！
Wed, 24 Jul 2019 13:56:57 : INFO 单机登录，即将测试[RD50C_RSU]产品的[RSDB0单板功能测试工位]
Wed, 24 Jul 2019 13:57:01 : INFO 开始测试产品[RD50C_RSU]的[RSDB0单板功能测试工位](维修测试)
Wed, 24 Jul 2019 13:57:04 : INFO 串口测试(编号:08)测试失败：串口测试失败，输出:<无>
Wed, 24 Jul 2019 13:57:04 : INFO 产品[RD50C_RSU][RSDB0单板功能测试工位]测试完成，结果不通过！
Wed, 24 Jul 2019 13:57:37 : INFO 开始测试产品[RD50C_RSU]的[RSDB0单板功能测试工位](维修测试)
Wed, 24 Jul 2019 13:57:39 : INFO 串口测试(编号:08)测试失败：串口测试失败，输出:<无>
Wed, 24 Jul 2019 13:57:39 : INFO 产品[RD50C_RSU][RSDB0单板功能测试工位]测试完成，结果不通过！
Wed, 24 Jul 2019 13:57:41 : INFO 开始测试产品[RD50C_RSU]的[RSDB0单板功能测试工位](维修测试)
Wed, 24 Jul 2019 13:57:43 : INFO 串口测试(编号:08)测试失败：串口测试失败，输出:<无>
Wed, 24 Jul 2019 13:57:43 : INFO 产品[RD50C_RSU][RSDB0单板功能测试工位]测试完成，结果不通过！
Wed, 24 Jul 2019 13:59:25 : INFO 单机登录，即将测试[RD50C_RSU]产品的[RSDB0单板功能测试工位]
Wed, 24 Jul 2019 13:59:30 : INFO 开始测试产品[RD50C_RSU]的[RSDB0单板功能测试工位](维修测试)
Wed, 24 Jul 2019 13:59:32 : INFO 由于[严重异常，测试终止，请检查软硬件设置：%d format: a number is required, not str]，本次测试流程终止，本次测试结果抛弃！
Wed, 24 Jul 2019 14:00:09 : INFO 单机登录，即将测试[RD50C_RSU]产品的[RSDB0单板功能测试工位]
Wed, 24 Jul 2019 14:00:13 : INFO 开始测试产品[RD50C_RSU]的[RSDB0单板功能测试工位](维修测试)
Wed, 24 Jul 2019 14:00:15 : INFO 由于[严重异常，测试终止，请检查软硬件设置：invalid literal for int() with base 10: '']，本次测试流程终止，本次测试结果抛弃！
Wed, 24 Jul 2019 14:01:43 : INFO 单机登录，即将测试[RD50C_RSU]产品的[RSDB0单板功能测试工位]
Wed, 24 Jul 2019 14:01:47 : INFO 开始测试产品[RD50C_RSU]的[RSDB0单板功能测试工位](维修测试)
Wed, 24 Jul 2019 14:01:50 : INFO 由于[严重异常，测试终止，请检查软硬件设置：invalid literal for int() with base 10: '']，本次测试流程终止，本次测试结果抛弃！
Wed, 24 Jul 2019 14:02:27 : INFO 单机登录，即将测试[RD50C_RSU]产品的[RSDB0单板功能测试工位]
Wed, 24 Jul 2019 14:02:28 : INFO 开始测试产品[RD50C_RSU]的[RSDB0单板功能测试工位](维修测试)
Wed, 24 Jul 2019 14:02:30 : INFO 由于[用户人工中止]，本次测试流程终止，本次测试结果抛弃！
Wed, 24 Jul 2019 14:02:35 : INFO 开始测试产品[RD50C_RSU]的[RSDB0单板功能测试工位](维修测试)
Wed, 24 Jul 2019 14:02:37 : INFO [串口测试]测试成功，输出:串口测试=成功，8
Wed, 24 Jul 2019 14:02:37 : INFO 产品[RD50C_RSU][RSDB0单板功能测试工位]测试完成，测试通过！
Wed, 24 Jul 2019 14:02:51 : INFO 开始测试产品[RD50C_RSU]的[RSDB0单板功能测试工位](维修测试)
Wed, 24 Jul 2019 14:02:54 : INFO [串口测试]测试成功，输出:串口测试=成功，7
Wed, 24 Jul 2019 14:02:54 : INFO 产品[RD50C_RSU][RSDB0单板功能测试工位]测试完成，测试通过！
Wed, 24 Jul 2019 14:02:55 : INFO 开始测试产品[RD50C_RSU]的[RSDB0单板功能测试工位](维修测试)
Wed, 24 Jul 2019 14:02:57 : INFO [串口测试]测试成功，输出:串口测试=成功，8
Wed, 24 Jul 2019 14:02:57 : INFO 产品[RD50C_RSU][RSDB0单板功能测试工位]测试完成，测试通过！
Wed, 24 Jul 2019 14:03:27 : INFO 开始测试产品[RD50C_RSU]的[RSDB0单板功能测试工位](维修测试)
Wed, 24 Jul 2019 14:03:29 : INFO 串口测试(编号:08)测试失败：串口测试失败，输出:<无>
Wed, 24 Jul 2019 14:03:29 : INFO 产品[RD50C_RSU][RSDB0单板功能测试工位]测试完成，结果不通过！
Wed, 24 Jul 2019 14:03:38 : INFO 开始测试产品[RD50C_RSU]的[RSDB0单板功能测试工位](维修测试)
Wed, 24 Jul 2019 14:03:40 : INFO [串口测试]测试成功，输出:串口测试=成功，5
Wed, 24 Jul 2019 14:03:40 : INFO 产品[RD50C_RSU][RSDB0单板功能测试工位]测试完成，测试通过！
Wed, 24 Jul 2019 14:04:12 : INFO 单机登录，即将测试[RD50C_RSU]产品的[RSDB0单板功能测试工位]
Wed, 24 Jul 2019 14:04:18 : INFO 开始测试产品[RD50C_RSU]的[RSDB0单板功能测试工位](维修测试)
Wed, 24 Jul 2019 14:04:30 : INFO [串口测试]测试成功，输出:串口测试=成功，7
Wed, 24 Jul 2019 14:04:31 : INFO 产品[RD50C_RSU][RSDB0单板功能测试工位]测试完成，测试通过！
Wed, 24 Jul 2019 14:05:04 : INFO 开始测试产品[RD50C_RSU]的[RSDB0单板功能测试工位](维修测试)
Wed, 24 Jul 2019 14:05:16 : INFO [串口测试]测试成功，输出:串口测试=成功，8
Wed, 24 Jul 2019 14:05:17 : INFO 产品[RD50C_RSU][RSDB0单板功能测试工位]测试完成，测试通过！
Wed, 24 Jul 2019 14:05:24 : INFO 开始测试产品[RD50C_RSU]的[RSDB0单板功能测试工位](维修测试)
Wed, 24 Jul 2019 14:05:37 : INFO [串口测试]测试成功，输出:串口测试=成功，6
Wed, 24 Jul 2019 14:05:37 : INFO 产品[RD50C_RSU][RSDB0单板功能测试工位]测试完成，测试通过！
Wed, 24 Jul 2019 14:15:04 : INFO 单机登录，即将测试[RD50C_RSU]产品的[RSDB0单板功能测试工位]
Wed, 24 Jul 2019 14:15:18 : INFO 开始测试产品[RD50C_RSU]的[RSDB0单板功能测试工位](维修测试)
Wed, 24 Jul 2019 14:15:26 : INFO [查询版本号]测试成功，输出:备用系统版本号=1.00.00,应用版本号=1.20.00,系统版本号=1.00.00
Wed, 24 Jul 2019 14:15:34 : INFO [EEPROM测试]测试成功，输出:EEPROM测试=EEPROM读写成功
Wed, 24 Jul 2019 14:15:34 : INFO 产品[RD50C_RSU][RSDB0单板功能测试工位]测试完成，测试通过！
Wed, 24 Jul 2019 14:44:08 : INFO 单机登录，即将测试[RD50C_RSU]产品的[RSDB0单板功能测试工位]
Wed, 24 Jul 2019 14:44:37 : INFO 开始测试产品[RD50C_RSU]的[RSDB0单板功能测试工位](维修测试)
Wed, 24 Jul 2019 14:44:39 : INFO Opening serial port u'com4'
Wed, 24 Jul 2019 14:44:39 : INFO 由于[严重异常，测试终止，请检查软硬件设置：'NoneType' object has no attribute 'downloadVersion']，本次测试流程终止，本次测试结果抛弃！
Wed, 24 Jul 2019 14:47:10 : INFO 开始测试产品[RD50C_RSU]的[RSDB0单板功能测试工位](维修测试)
Wed, 24 Jul 2019 14:47:11 : INFO Opening serial port u'com4'
Wed, 24 Jul 2019 14:47:11 : INFO 由于[严重异常，测试终止，请检查软硬件设置：'NoneType' object has no attribute 'downloadVersion']，本次测试流程终止，本次测试结果抛弃！
Wed, 24 Jul 2019 14:47:32 : INFO 单机登录，即将测试[RD50C_RSU]产品的[RSDB0单板功能测试工位]
Wed, 24 Jul 2019 14:47:39 : INFO 开始测试产品[RD50C_RSU]的[RSDB0单板功能测试工位](维修测试)
Wed, 24 Jul 2019 14:47:40 : INFO Opening serial port u'com7'
Wed, 24 Jul 2019 14:47:46 : INFO command:shhtj,response:
Wed, 24 Jul 2019 14:47:51 : INFO command:shhtj,response:
Wed, 24 Jul 2019 14:47:56 : INFO command:shhtj,response:
Wed, 24 Jul 2019 14:48:01 : INFO command:shhtj,response:
Wed, 24 Jul 2019 14:48:17 : INFO command:shhtj,response:
Wed, 24 Jul 2019 14:48:22 : INFO command:shhtj,response:
Wed, 24 Jul 2019 14:48:27 : INFO command:shhtj,response:
Wed, 24 Jul 2019 14:48:32 : INFO command:shhtj,response:
Wed, 24 Jul 2019 15:12:21 : INFO command:shhtj,response:
Wed, 24 Jul 2019 17:55:01 : INFO 单机登录，即将测试[RD50C_RSU]产品的[人工手动测试项目1]
Wed, 24 Jul 2019 17:56:39 : INFO 开始测试产品[RD50C_RSU]的[人工手动测试项目1](维修测试)
Wed, 24 Jul 2019 17:56:51 : INFO [单板DAC电路测试]测试成功，输出:<无>
Wed, 24 Jul 2019 17:56:51 : INFO 产品[RD50C_RSU][人工手动测试项目1]测试完成，测试通过！
Wed, 24 Jul 2019 17:56:56 : INFO 开始测试产品[RD50C_RSU]的[人工手动测试项目1](维修测试)
Wed, 24 Jul 2019 17:58:29 : INFO [单板DAC电路测试]测试成功，输出:<无>
Wed, 24 Jul 2019 17:58:29 : INFO 产品[RD50C_RSU][人工手动测试项目1]测试完成，测试通过！
Wed, 24 Jul 2019 18:01:12 : INFO 开始测试产品[RD50C_RSU]的[人工手动测试项目1](维修测试)
Wed, 24 Jul 2019 18:05:25 : INFO 由于[Resource temporarily unavailable]，本次测试流程终止，本次测试结果抛弃！
Wed, 24 Jul 2019 18:14:18 : INFO 单机登录，即将测试[RD50C_RSU]产品的[人工手动测试项目1]
Wed, 24 Jul 2019 18:14:19 : INFO 开始测试产品[RD50C_RSU]的[人工手动测试项目1](维修测试)
Wed, 24 Jul 2019 18:14:20 : INFO 由于[Resource temporarily unavailable]，本次测试流程终止，本次测试结果抛弃！
