Fri, 26 Jul 2019 14:35:14 : INFO 单机登录，即将测试[RD52_RSU]产品的[RSDB5单板功能测试工位]
Fri, 26 Jul 2019 14:35:17 : INFO 检测员[单机]退出
Fri, 26 Jul 2019 14:35:23 : INFO 单机登录，即将测试[RD52_RSU]产品的[RSDB5单板功能测试工位]
Fri, 26 Jul 2019 14:35:42 : INFO 开始测试产品[RD52_RSU]的[RSDB5单板功能测试工位](维修测试)
Fri, 26 Jul 2019 14:35:50 : INFO [查询版本号]测试成功，输出:备用系统版本号=0.00.00,应用版本号=0.00.00,系统版本号=0.00.00
Fri, 26 Jul 2019 14:35:58 : INFO [温度传感器测试]测试成功，输出:本地温度=38,远端温度=39
Fri, 26 Jul 2019 14:36:00 : INFO Opening serial port u'com4'
Fri, 26 Jul 2019 14:36:00 : INFO 由于[严重异常，测试终止，请检查软硬件设置：'NoneType' object has no attribute 'doorDog']，本次测试流程终止，本次测试结果抛弃！
Fri, 26 Jul 2019 15:51:35 : INFO 单机登录，即将测试[RD52_RSU]产品的[RSDB5单板功能测试工位]
Fri, 26 Jul 2019 15:51:37 : INFO 检测员[单机]退出
Fri, 26 Jul 2019 15:51:45 : INFO 单机登录，即将测试[RD52_RSU]产品的[RSDB5单板功能测试工位]
Fri, 26 Jul 2019 15:51:52 : INFO 开始测试产品[RD52_RSU]的[RSDB5单板功能测试工位](维修测试)
Fri, 26 Jul 2019 15:51:57 : INFO 单板DAC电路测试(编号:05)测试失败：模拟衰减发射功率为:-32.5183916038, 与最大功率差值为:0.815052592138  通过
数字衰减发射功率为:-31.8539885429, 与最大功率差值为:0.150649531248  通过
最大发射功率为:-31.7033390117  失败
模拟衰减发射功率为:-32.5183916038, 与最大功率差值为:0.815052592138  通过
数字衰减发射功率为:-31.8539885429, 与最大功率差值为:0.150649531248  通过
最大发射功率为:-31.7033390117  失败
模拟衰减发射功率为:-32.5183916038, 与最大功率差值为:0.815052592138  通过
数字衰减发射功率为:-31.8539885429, 与最大功率差值为:0.150649531248  通过
最大发射功率为:-31.7033390117  失败
，输出:<无>
Fri, 26 Jul 2019 15:51:58 : INFO [单板ADC电路测试]测试成功，输出:接收RSSI值为：=65535
Fri, 26 Jul 2019 15:52:04 : INFO 射频无输入接收(编号:07)测试失败：无输入接收RSSI测试失败,值:65535:，输出:<无>
Fri, 26 Jul 2019 15:52:04 : INFO 产品[RD52_RSU][RSDB5单板功能测试工位]测试完成，结果不通过！
Fri, 26 Jul 2019 15:52:31 : INFO 开始测试产品[RD52_RSU]的[RSDB5单板功能测试工位](维修测试)
Fri, 26 Jul 2019 15:52:35 : INFO 单板DAC电路测试(编号:05)测试失败：最大发射功率为:-26.8902796287  失败
模拟衰减发射功率为:-27.292011712, 与最大功率差值为:0.401732083329  通过
数字衰减发射功率为:-26.6082946087, 与最大功率差值为:-0.281985020029  通过
最大发射功率为:-26.8902796287  失败
模拟衰减发射功率为:-27.292011712, 与最大功率差值为:0.401732083329  通过
数字衰减发射功率为:-26.6082946087, 与最大功率差值为:-0.281985020029  通过
最大发射功率为:-26.8902796287  失败
模拟衰减发射功率为:-27.292011712, 与最大功率差值为:0.401732083329  通过
数字衰减发射功率为:-26.6082946087, 与最大功率差值为:-0.281985020029  通过
，输出:<无>
Fri, 26 Jul 2019 15:52:37 : INFO [单板ADC电路测试]测试成功，输出:接收RSSI值为：=65535
Fri, 26 Jul 2019 15:52:39 : INFO 射频无输入接收(编号:07)测试失败：无输入接收RSSI测试失败,值:65535:，输出:<无>
Fri, 26 Jul 2019 15:52:39 : INFO 产品[RD52_RSU][RSDB5单板功能测试工位]测试完成，结果不通过！
Fri, 26 Jul 2019 16:01:23 : INFO 单机登录，即将测试[RD52_RSU]产品的[RSDB5单板功能测试工位]
Fri, 26 Jul 2019 16:01:24 : INFO 检测员[单机]退出
Fri, 26 Jul 2019 16:01:28 : INFO 单机登录，即将测试[RD52_RSU]产品的[RSDB5单板功能测试工位]
Fri, 26 Jul 2019 16:01:33 : INFO 开始测试产品[RD52_RSU]的[RSDB5单板功能测试工位](维修测试)
Fri, 26 Jul 2019 16:01:36 : INFO 由于[Resource temporarily unavailable]，本次测试流程终止，本次测试结果抛弃！
Fri, 26 Jul 2019 16:01:59 : INFO 开始测试产品[RD52_RSU]的[RSDB5单板功能测试工位](维修测试)
Fri, 26 Jul 2019 16:02:00 : INFO 由于[Resource temporarily unavailable]，本次测试流程终止，本次测试结果抛弃！
Fri, 26 Jul 2019 16:03:45 : INFO 单机登录，即将测试[RD52_RSU]产品的[RSDB5单板功能测试工位]
Fri, 26 Jul 2019 16:03:49 : INFO 开始测试产品[RD52_RSU]的[RSDB5单板功能测试工位](维修测试)
Fri, 26 Jul 2019 16:03:53 : INFO [单板DAC电路测试]测试成功，输出:最大发射功率为:29.9702613963  通过
数字衰减发射功率为:22.2369187922, 与最大功率差值为:7.73334260407  通过
模拟衰减发射功率为:3.57182815138, 与最大功率差值为:26.3984332449  通过
最大发射功率为:29.9702613963  通过
数字衰减发射功率为:22.2369187922, 与最大功率差值为:7.73334260407  通过
模拟衰减发射功率为:3.57182815138, 与最大功率差值为:26.3984332449  通过
最大发射功率为:29.9702613963  通过
数字衰减发射功率为:22.2369187922, 与最大功率差值为:7.73334260407  通过
模拟衰减发射功率为:3.57182815138, 与最大功率差值为:26.3984332449  通过
=全部通过
Fri, 26 Jul 2019 16:03:55 : INFO [单板ADC电路测试]测试成功，输出:接收RSSI值为：=19442
Fri, 26 Jul 2019 16:04:51 : INFO 单机登录，即将测试[RD52_RSU]产品的[RSDB5单板功能测试工位]
Fri, 26 Jul 2019 16:04:56 : INFO 开始测试产品[RD52_RSU]的[RSDB5单板功能测试工位](维修测试)
Fri, 26 Jul 2019 16:05:00 : INFO [单板DAC电路测试]测试成功，输出:数字衰减发射功率为:22.1673882393, 与最大功率差值为:7.80287315696  通过
=全部通过
Fri, 26 Jul 2019 16:05:02 : INFO [单板ADC电路测试]测试成功，输出:接收RSSI值为：=19427
Fri, 26 Jul 2019 16:05:11 : INFO [射频无输入接收]测试成功，输出:无输入接收RSSI值为：=3579
Fri, 26 Jul 2019 16:05:11 : INFO 产品[RD52_RSU][RSDB5单板功能测试工位]测试完成，测试通过！
Fri, 26 Jul 2019 16:08:10 : INFO 单机登录，即将测试[RD52_RSU]产品的[RSDB5单板功能测试工位]
Fri, 26 Jul 2019 16:08:15 : INFO 开始测试产品[RD52_RSU]的[RSDB5单板功能测试工位](维修测试)
Fri, 26 Jul 2019 16:08:19 : INFO [单板DAC电路测试]测试成功，输出:数字衰减发射功率为:22.0785436439, 与最大功率差值为:7.87240370984  通过
最大发射功率为:29.9509473538  通过
模拟衰减发射功率为:3.40186457766, 与最大功率差值为:26.5490827761  通过
数字衰减发射功率为:22.0785436439, 与最大功率差值为:7.87240370984  通过
最大发射功率为:29.9509473538  通过
模拟衰减发射功率为:3.40186457766, 与最大功率差值为:26.5490827761  通过
数字衰减发射功率为:22.0785436439, 与最大功率差值为:7.87240370984  通过
最大发射功率为:29.9509473538  通过
模拟衰减发射功率为:3.40186457766, 与最大功率差值为:26.5490827761  通过
=全部通过
Fri, 26 Jul 2019 16:08:21 : INFO [单板ADC电路测试]测试成功，输出:接收RSSI值为：=19396
Fri, 26 Jul 2019 16:08:24 : INFO [射频无输入接收]测试成功，输出:无输入接收RSSI值为：=3331
Fri, 26 Jul 2019 16:08:24 : INFO 产品[RD52_RSU][RSDB5单板功能测试工位]测试完成，测试通过！
Fri, 26 Jul 2019 16:10:41 : INFO 单机登录，即将测试[RD52_RSU]产品的[RSDB5单板功能测试工位]
Fri, 26 Jul 2019 16:10:42 : INFO 检测员[单机]退出
Fri, 26 Jul 2019 16:10:48 : INFO 单机登录，即将测试[RD52_RSU]产品的[RSDB5单板功能测试工位]
Fri, 26 Jul 2019 16:10:53 : INFO 开始测试产品[RD52_RSU]的[RSDB5单板功能测试工位](维修测试)
Fri, 26 Jul 2019 16:10:57 : INFO [单板DAC电路测试]测试成功，输出:最大发射功率为:29.9702613963  通过
数字衰减发射功率为:22.024464325, 与最大功率差值为:7.94579707122  通过
模拟衰减发射功率为:3.40186457766, 与最大功率差值为:26.5683968186  通过
=全部通过
Fri, 26 Jul 2019 16:10:58 : INFO [单板ADC电路测试]测试成功，输出:接收RSSI值为：=19389
Fri, 26 Jul 2019 16:11:01 : INFO [射频无输入接收]测试成功，输出:无输入接收RSSI值为：=3437
Fri, 26 Jul 2019 16:11:01 : INFO 产品[RD52_RSU][RSDB5单板功能测试工位]测试完成，测试通过！
Fri, 26 Jul 2019 16:11:28 : INFO 开始测试产品[RD52_RSU]的[RSDB5单板功能测试工位](维修测试)
Fri, 26 Jul 2019 16:11:32 : INFO 单板DAC电路测试(编号:05)测试失败：最大发射功率为:29.9702613963  失败
数字衰减发射功率为:22.024464325, 与最大功率差值为:7.94579707122  通过
模拟衰减发射功率为:3.51002321548, 与最大功率差值为:26.4602381808  通过
，输出:<无>
Fri, 26 Jul 2019 16:11:33 : INFO [单板ADC电路测试]测试成功，输出:接收RSSI值为：=19389
Fri, 26 Jul 2019 16:11:35 : INFO [射频无输入接收]测试成功，输出:无输入接收RSSI值为：=3385
Fri, 26 Jul 2019 16:11:36 : INFO 产品[RD52_RSU][RSDB5单板功能测试工位]测试完成，结果不通过！
Fri, 26 Jul 2019 16:16:22 : INFO 单机登录，即将测试[RD52_RSU]产品的[RSDB5单板功能测试工位]
Fri, 26 Jul 2019 16:16:27 : INFO 开始测试产品[RD52_RSU]的[RSDB5单板功能测试工位](维修测试)
Fri, 26 Jul 2019 16:16:31 : INFO 单板DAC电路测试(编号:05)测试失败：最大发射功率为:29.97  失败
数字衰减发射功率为:22.01, 与最大功率差值为:7.96  通过
模拟衰减发射功率为:3.34, 与最大功率差值为:26.63  通过
，输出:<无>
Fri, 26 Jul 2019 16:16:33 : INFO [单板ADC电路测试]测试成功，输出:接收RSSI值为：=19381
Fri, 26 Jul 2019 16:16:35 : INFO [射频无输入接收]测试成功，输出:无输入接收RSSI值为：=3213
Fri, 26 Jul 2019 16:16:35 : INFO 产品[RD52_RSU][RSDB5单板功能测试工位]测试完成，结果不通过！
Fri, 26 Jul 2019 16:17:09 : INFO 开始测试产品[RD52_RSU]的[RSDB5单板功能测试工位](维修测试)
Fri, 26 Jul 2019 16:17:13 : INFO 单板DAC电路测试(编号:05)测试失败：最大发射功率为:29.97  失败
数字衰减发射功率为:21.97, 与最大功率差值为:8.0  通过
模拟衰减发射功率为:3.32, 与最大功率差值为:26.65  通过
，输出:<无>
Fri, 26 Jul 2019 16:17:15 : INFO 单板ADC电路测试(编号:06)测试失败：接收RSSI测试不通过,,值:19373:，输出:<无>
Fri, 26 Jul 2019 16:17:17 : INFO 射频无输入接收(编号:07)测试失败：无输入接收RSSI测试失败,值:3437:，输出:<无>
Fri, 26 Jul 2019 16:17:17 : INFO 产品[RD52_RSU][RSDB5单板功能测试工位]测试完成，结果不通过！
Fri, 26 Jul 2019 16:26:36 : INFO 单机登录，即将测试[RD52_RSU]产品的[RSDB5单板功能测试工位]
Fri, 26 Jul 2019 16:26:41 : INFO 检测员[单机]退出
Fri, 26 Jul 2019 16:26:44 : INFO 单机登录，即将测试[RD52_RSU]产品的[RSDB5单板功能测试工位]
