Sat, 20 Jul 2019 03:04:25 : INFO 单机登录，即将测试[RD52_RSU]产品的[整机测试工位]
Sat, 20 Jul 2019 03:05:10 : INFO 开始测试产品[RD52_RSU]的[整机测试工位](维修测试)
Sat, 20 Jul 2019 03:05:59 : INFO 单机登录，即将测试[RD52_RSU]产品的[整机测试工位]
Sat, 20 Jul 2019 03:06:30 : INFO 开始测试产品[RD52_RSU]的[整机测试工位](维修测试)
Sat, 20 Jul 2019 03:07:12 : INFO 由于[严重异常，测试终止，请检查软硬件设置：]，本次测试流程终止，本次测试结果抛弃！
Sat, 20 Jul 2019 03:12:39 : INFO 单机登录，即将测试[RD52_RSU]产品的[整机测试工位]
Sat, 20 Jul 2019 03:12:42 : INFO 开始测试产品[RD52_RSU]的[整机测试工位](维修测试)
Sat, 20 Jul 2019 03:13:24 : INFO 整机交易测试(编号:02)测试失败：交易失败，没有读到obu的MAC地址，输出:<无>
Sat, 20 Jul 2019 03:13:24 : INFO 产品[RD52_RSU][整机测试工位]测试完成，结果不通过！
Sat, 20 Jul 2019 03:36:04 : INFO 单机登录，即将测试[RD52_RSU]产品的[整机测试工位]
Sat, 20 Jul 2019 03:36:07 : INFO 开始测试产品[RD52_RSU]的[整机测试工位](维修测试)
Sat, 20 Jul 2019 03:36:18 : INFO 由于[严重异常，测试终止，请检查软硬件设置：timed out]，本次测试流程终止，本次测试结果抛弃！
Sat, 20 Jul 2019 03:36:45 : INFO 单机登录，即将测试[RD52_RSU]产品的[整机测试工位]
Sat, 20 Jul 2019 03:36:48 : INFO 开始测试产品[RD52_RSU]的[整机测试工位](维修测试)
Sat, 20 Jul 2019 03:40:21 : INFO 单机登录，即将测试[RD50C_RSU]产品的[整机测试工位]
Sat, 20 Jul 2019 03:40:58 : INFO 单机登录，即将测试[RD52_RSU]产品的[RSDB5单板EPLD下载工位]
Sat, 20 Jul 2019 03:41:04 : INFO 开始测试产品[RD52_RSU]的[整机测试工位](维修测试)
Sat, 20 Jul 2019 03:41:40 : INFO 整机交易测试(编号:02)测试失败：交易失败，没有读到obu的MAC地址，输出:<无>
Sat, 20 Jul 2019 03:41:40 : INFO 产品[RD52_RSU][整机测试工位]测试完成，结果不通过！
Sat, 20 Jul 2019 03:42:25 : INFO 单机登录，即将测试[RD52_RSU]产品的[整机测试工位]
Sat, 20 Jul 2019 03:42:27 : INFO 开始测试产品[RD52_RSU]的[整机测试工位](维修测试)
Sat, 20 Jul 2019 03:42:53 : INFO 整机交易测试(编号:02)测试失败：交易失败，没有读到obu的MAC地址，输出:<无>
Sat, 20 Jul 2019 03:42:53 : INFO 产品[RD52_RSU][整机测试工位]测试完成，结果不通过！
Sat, 20 Jul 2019 03:46:09 : INFO 单机登录，即将测试[RD52_RSU]产品的[整机测试工位]
Sat, 20 Jul 2019 03:46:11 : INFO 开始测试产品[RD52_RSU]的[整机测试工位](维修测试)
Sat, 20 Jul 2019 03:46:49 : INFO [整机交易测试]测试成功，输出:<无>
Sat, 20 Jul 2019 03:46:49 : INFO 产品[RD52_RSU][整机测试工位]测试完成，测试通过！
Sat, 20 Jul 2019 03:48:43 : INFO 开始测试产品[RD52_RSU]的[整机测试工位](维修测试)
Sat, 20 Jul 2019 03:49:20 : INFO [整机交易测试]测试成功，输出:<无>
Sat, 20 Jul 2019 03:49:20 : INFO 产品[RD52_RSU][整机测试工位]测试完成，测试通过！
Sat, 20 Jul 2019 03:50:44 : INFO 开始测试产品[RD52_RSU]的[整机测试工位](维修测试)
Sat, 20 Jul 2019 03:51:22 : INFO [整机交易测试]测试成功，输出:<无>
Sat, 20 Jul 2019 03:51:22 : INFO 产品[RD52_RSU][整机测试工位]测试完成，测试通过！
Sat, 20 Jul 2019 03:52:57 : INFO 开始测试产品[RD52_RSU]的[整机测试工位](维修测试)
Sat, 20 Jul 2019 03:53:34 : INFO [整机交易测试]测试成功，输出:<无>
Sat, 20 Jul 2019 03:53:34 : INFO 产品[RD52_RSU][整机测试工位]测试完成，测试通过！
Sat, 20 Jul 2019 03:54:22 : INFO 开始测试产品[RD52_RSU]的[整机测试工位](维修测试)
Sat, 20 Jul 2019 03:54:59 : INFO [整机交易测试]测试成功，输出:<无>
Sat, 20 Jul 2019 03:54:59 : INFO 产品[RD52_RSU][整机测试工位]测试完成，测试通过！
Sat, 20 Jul 2019 03:56:49 : INFO 开始测试产品[RD52_RSU]的[整机测试工位](维修测试)
Sat, 20 Jul 2019 03:57:26 : INFO [整机交易测试]测试成功，输出:<无>
Sat, 20 Jul 2019 03:57:26 : INFO 产品[RD52_RSU][整机测试工位]测试完成，测试通过！
Sat, 20 Jul 2019 03:58:41 : INFO 开始测试产品[RD52_RSU]的[整机测试工位](维修测试)
Sat, 20 Jul 2019 03:59:18 : INFO [整机交易测试]测试成功，输出:<无>
Sat, 20 Jul 2019 03:59:18 : INFO 产品[RD52_RSU][整机测试工位]测试完成，测试通过！
Sat, 20 Jul 2019 04:00:14 : INFO 开始测试产品[RD52_RSU]的[整机测试工位](维修测试)
Sat, 20 Jul 2019 04:00:51 : INFO [整机交易测试]测试成功，输出:<无>
Sat, 20 Jul 2019 04:00:51 : INFO 产品[RD52_RSU][整机测试工位]测试完成，测试通过！
Sat, 20 Jul 2019 04:01:44 : INFO 开始测试产品[RD52_RSU]的[整机测试工位](维修测试)
Sat, 20 Jul 2019 04:02:21 : INFO [整机交易测试]测试成功，输出:<无>
Sat, 20 Jul 2019 04:02:21 : INFO 产品[RD52_RSU][整机测试工位]测试完成，测试通过！
Sat, 20 Jul 2019 04:02:59 : INFO 开始测试产品[RD52_RSU]的[整机测试工位](维修测试)
Sat, 20 Jul 2019 04:03:36 : INFO [整机交易测试]测试成功，输出:<无>
Sat, 20 Jul 2019 04:03:36 : INFO 产品[RD52_RSU][整机测试工位]测试完成，测试通过！
Sat, 20 Jul 2019 04:04:32 : INFO 开始测试产品[RD52_RSU]的[整机测试工位](维修测试)
Sat, 20 Jul 2019 04:05:09 : INFO [整机交易测试]测试成功，输出:<无>
Sat, 20 Jul 2019 04:05:09 : INFO 产品[RD52_RSU][整机测试工位]测试完成，测试通过！
Sat, 20 Jul 2019 04:06:00 : INFO 开始测试产品[RD52_RSU]的[整机测试工位](维修测试)
Sat, 20 Jul 2019 04:06:37 : INFO [整机交易测试]测试成功，输出:<无>
Sat, 20 Jul 2019 04:06:37 : INFO 产品[RD52_RSU][整机测试工位]测试完成，测试通过！
Sat, 20 Jul 2019 04:07:34 : INFO 开始测试产品[RD52_RSU]的[整机测试工位](维修测试)
Sat, 20 Jul 2019 04:08:31 : INFO [整机交易测试]测试成功，输出:<无>
Sat, 20 Jul 2019 04:08:31 : INFO 产品[RD52_RSU][整机测试工位]测试完成，测试通过！
Sat, 20 Jul 2019 04:09:27 : INFO 开始测试产品[RD52_RSU]的[整机测试工位](维修测试)
Sat, 20 Jul 2019 04:10:04 : INFO [整机交易测试]测试成功，输出:<无>
Sat, 20 Jul 2019 04:10:04 : INFO 产品[RD52_RSU][整机测试工位]测试完成，测试通过！
Sat, 20 Jul 2019 04:10:39 : INFO 开始测试产品[RD52_RSU]的[整机测试工位](维修测试)
Sat, 20 Jul 2019 04:11:33 : INFO [整机交易测试]测试成功，输出:<无>
Sat, 20 Jul 2019 04:11:33 : INFO 产品[RD52_RSU][整机测试工位]测试完成，测试通过！
Sat, 20 Jul 2019 04:11:54 : INFO 开始测试产品[RD52_RSU]的[整机测试工位](维修测试)
Sat, 20 Jul 2019 04:12:42 : INFO [整机交易测试]测试成功，输出:<无>
Sat, 20 Jul 2019 04:12:42 : INFO 产品[RD52_RSU][整机测试工位]测试完成，测试通过！
Sat, 20 Jul 2019 04:13:32 : INFO 开始测试产品[RD52_RSU]的[整机测试工位](维修测试)
Sat, 20 Jul 2019 04:14:10 : INFO [整机交易测试]测试成功，输出:<无>
Sat, 20 Jul 2019 04:14:10 : INFO 产品[RD52_RSU][整机测试工位]测试完成，测试通过！
Sat, 20 Jul 2019 04:14:50 : INFO 开始测试产品[RD52_RSU]的[整机测试工位](维修测试)
Sat, 20 Jul 2019 04:15:27 : INFO [整机交易测试]测试成功，输出:<无>
Sat, 20 Jul 2019 04:15:27 : INFO 产品[RD52_RSU][整机测试工位]测试完成，测试通过！
Sat, 20 Jul 2019 04:16:31 : INFO 开始测试产品[RD52_RSU]的[整机测试工位](维修测试)
Sat, 20 Jul 2019 04:17:08 : INFO [整机交易测试]测试成功，输出:<无>
Sat, 20 Jul 2019 04:17:08 : INFO 产品[RD52_RSU][整机测试工位]测试完成，测试通过！
Sat, 20 Jul 2019 04:17:57 : INFO 开始测试产品[RD52_RSU]的[整机测试工位](维修测试)
Sat, 20 Jul 2019 04:18:34 : INFO [整机交易测试]测试成功，输出:<无>
Sat, 20 Jul 2019 04:18:34 : INFO 产品[RD52_RSU][整机测试工位]测试完成，测试通过！
Sat, 20 Jul 2019 04:19:18 : INFO 开始测试产品[RD52_RSU]的[整机测试工位](维修测试)
Sat, 20 Jul 2019 04:19:55 : INFO [整机交易测试]测试成功，输出:<无>
Sat, 20 Jul 2019 04:19:55 : INFO 产品[RD52_RSU][整机测试工位]测试完成，测试通过！
Sat, 20 Jul 2019 04:20:39 : INFO 开始测试产品[RD52_RSU]的[整机测试工位](维修测试)
Sat, 20 Jul 2019 04:21:16 : INFO [整机交易测试]测试成功，输出:<无>
Sat, 20 Jul 2019 04:21:16 : INFO 产品[RD52_RSU][整机测试工位]测试完成，测试通过！
Sat, 20 Jul 2019 04:22:09 : INFO 开始测试产品[RD52_RSU]的[整机测试工位](维修测试)
Sat, 20 Jul 2019 04:22:46 : INFO [整机交易测试]测试成功，输出:<无>
Sat, 20 Jul 2019 04:22:46 : INFO 产品[RD52_RSU][整机测试工位]测试完成，测试通过！
Sat, 20 Jul 2019 04:23:33 : INFO 开始测试产品[RD52_RSU]的[整机测试工位](维修测试)
Sat, 20 Jul 2019 04:24:10 : INFO [整机交易测试]测试成功，输出:<无>
Sat, 20 Jul 2019 04:24:10 : INFO 产品[RD52_RSU][整机测试工位]测试完成，测试通过！
Sat, 20 Jul 2019 04:25:13 : INFO 开始测试产品[RD52_RSU]的[整机测试工位](维修测试)
Sat, 20 Jul 2019 04:25:50 : INFO [整机交易测试]测试成功，输出:<无>
Sat, 20 Jul 2019 04:25:50 : INFO 产品[RD52_RSU][整机测试工位]测试完成，测试通过！
Sat, 20 Jul 2019 18:02:57 : INFO 检测员[admin]登录成功，即将测试[RD52_RSU]产品的[整机测试工位]
Sat, 20 Jul 2019 18:03:00 : INFO 开始测试产品[RD52_RSU]的[整机测试工位]
Sat, 20 Jul 2019 18:03:11 : INFO 由于[用户人工中止]，本次测试流程终止，本次测试结果抛弃！
Sat, 20 Jul 2019 18:04:03 : INFO 检测员[admin]登录成功，即将测试[RD52_RSU]产品的[整机测试工位]
Sat, 20 Jul 2019 18:04:04 : INFO 开始测试产品[RD52_RSU]的[整机测试工位]
Sat, 20 Jul 2019 18:04:35 : INFO [写入MAC]测试成功，输出:mac地址=mac地址写入成功，DC4427A09E36
Sat, 20 Jul 2019 18:04:59 : INFO [写入IP]测试成功，输出:ip地址=ip地址写入成功，%s
Sat, 20 Jul 2019 18:05:52 : INFO 整机交易测试(编号:02)测试失败：交易失败，没有读到obu的MAC地址，输出:<无>
Sat, 20 Jul 2019 18:05:52 : INFO 产品[RD52_RSU][整机测试工位]测试完成，结果不通过！
Sat, 20 Jul 2019 18:05:53 : INFO 产品303019290154测试结果已保存
Sat, 20 Jul 2019 18:08:23 : INFO 开始测试产品[RD52_RSU]的[整机测试工位]
Sat, 20 Jul 2019 18:09:00 : INFO [整机交易测试]测试成功，输出:<无>
Sat, 20 Jul 2019 18:09:00 : INFO 产品[RD52_RSU][整机测试工位]测试完成，测试通过！
Sat, 20 Jul 2019 18:09:20 : INFO 开始测试产品[RD52_RSU]的[整机测试工位]
Sat, 20 Jul 2019 18:09:25 : INFO 由于[用户人工中止]，本次测试流程终止，本次测试结果抛弃！
Sat, 20 Jul 2019 18:09:45 : INFO 检测员[admin]登录成功，即将测试[RD52_RSU]产品的[整机测试工位]
Sat, 20 Jul 2019 18:09:46 : INFO 开始测试产品[RD52_RSU]的[整机测试工位]
Sat, 20 Jul 2019 18:12:45 : INFO 检测员[admin]登录成功，即将测试[RD52_RSU]产品的[整机测试工位]
Sat, 20 Jul 2019 18:12:56 : INFO 开始测试产品[RD52_RSU]的[整机测试工位]
Sat, 20 Jul 2019 18:13:27 : INFO [写入MAC]测试成功，输出:mac地址=mac地址写入成功，DC4427A09E3B
Sat, 20 Jul 2019 18:13:54 : INFO [写入IP]测试成功，输出:ip地址=ip地址写入成功
Sat, 20 Jul 2019 18:14:31 : INFO [整机交易测试]测试成功，输出:<无>
Sat, 20 Jul 2019 18:14:31 : INFO 产品[RD52_RSU][整机测试工位]测试完成，测试通过！
Sat, 20 Jul 2019 18:14:32 : INFO 产品303019290159测试结果已保存
Sat, 20 Jul 2019 18:14:59 : INFO 开始测试产品[RD52_RSU]的[整机测试工位]
Sat, 20 Jul 2019 18:15:13 : INFO 写入MAC(编号:01)测试失败：写入mac失败，输出:<无>
Sat, 20 Jul 2019 18:15:13 : INFO 产品[RD52_RSU][整机测试工位]测试完成，结果不通过！
Sat, 20 Jul 2019 18:15:13 : INFO 产品303019290155测试结果已保存
Sat, 20 Jul 2019 18:15:35 : INFO 开始测试产品[RD52_RSU]的[整机测试工位]
Sat, 20 Jul 2019 18:15:41 : INFO [写入MAC]测试成功，输出:mac地址=mac地址写入成功，DC4427A09E37
Sat, 20 Jul 2019 18:16:07 : INFO [写入IP]测试成功，输出:ip地址=ip地址写入成功
Sat, 20 Jul 2019 18:16:45 : INFO [整机交易测试]测试成功，输出:<无>
Sat, 20 Jul 2019 18:16:45 : INFO 产品[RD52_RSU][整机测试工位]测试完成，测试通过！
Sat, 20 Jul 2019 18:16:45 : INFO 产品303019290155测试结果已保存
Sat, 20 Jul 2019 18:17:11 : INFO 开始测试产品[RD52_RSU]的[整机测试工位]
Sat, 20 Jul 2019 18:18:53 : INFO [写入MAC]测试成功，输出:mac地址=mac地址写入成功，DC4427A09E3A
Sat, 20 Jul 2019 18:19:36 : INFO [写入IP]测试成功，输出:ip地址=ip地址写入成功
Sat, 20 Jul 2019 18:20:14 : INFO [整机交易测试]测试成功，输出:<无>
Sat, 20 Jul 2019 18:20:14 : INFO 产品[RD52_RSU][整机测试工位]测试完成，测试通过！
Sat, 20 Jul 2019 18:20:14 : INFO 产品303019290158测试结果已保存
Sat, 20 Jul 2019 18:20:31 : INFO 开始测试产品[RD52_RSU]的[整机测试工位]
Sat, 20 Jul 2019 18:20:49 : INFO [写入MAC]测试成功，输出:mac地址=mac地址写入成功，DC4427A09E35
Sat, 20 Jul 2019 18:21:32 : INFO [写入IP]测试成功，输出:ip地址=ip地址写入成功
Sat, 20 Jul 2019 18:22:15 : INFO [整机交易测试]测试成功，输出:<无>
Sat, 20 Jul 2019 18:22:15 : INFO 产品[RD52_RSU][整机测试工位]测试完成，测试通过！
Sat, 20 Jul 2019 18:22:15 : INFO 产品303019290153测试结果已保存
Sat, 20 Jul 2019 18:22:28 : INFO 开始测试产品[RD52_RSU]的[整机测试工位]
Sat, 20 Jul 2019 18:22:44 : INFO 写入MAC(编号:01)测试失败：写入mac失败，输出:<无>
Sat, 20 Jul 2019 18:22:44 : INFO 产品[RD52_RSU][整机测试工位]测试完成，结果不通过！
Sat, 20 Jul 2019 18:22:44 : INFO 产品303019290157测试结果已保存
Sat, 20 Jul 2019 18:25:00 : INFO 检测员[admin]登录成功，即将测试[RD52_RSU]产品的[整机测试工位]
Sat, 20 Jul 2019 18:25:02 : INFO 开始测试产品[RD52_RSU]的[整机测试工位]
Sat, 20 Jul 2019 18:25:11 : INFO [写入MAC]测试成功，输出:mac地址=mac地址写入成功，DC4427A09E39
Sat, 20 Jul 2019 18:25:38 : INFO [写入IP]测试成功，输出:ip地址=ip地址写入成功
Sat, 20 Jul 2019 18:26:15 : INFO [整机交易测试]测试成功，输出:<无>
Sat, 20 Jul 2019 18:26:16 : INFO 产品[RD52_RSU][整机测试工位]测试完成，测试通过！
Sat, 20 Jul 2019 18:26:16 : INFO 产品303019290157测试结果已保存
Sat, 20 Jul 2019 18:26:31 : INFO 开始测试产品[RD52_RSU]的[整机测试工位]
Sat, 20 Jul 2019 18:26:52 : INFO [写入MAC]测试成功，输出:mac地址=mac地址写入成功，DC4427A09E32
Sat, 20 Jul 2019 18:27:35 : INFO [写入IP]测试成功，输出:ip地址=ip地址写入成功
Sat, 20 Jul 2019 18:28:12 : INFO [整机交易测试]测试成功，输出:<无>
Sat, 20 Jul 2019 18:28:13 : INFO 产品[RD52_RSU][整机测试工位]测试完成，测试通过！
Sat, 20 Jul 2019 18:28:13 : INFO 产品303019290150测试结果已保存
Sat, 20 Jul 2019 18:28:24 : INFO 开始测试产品[RD52_RSU]的[整机测试工位]
Sat, 20 Jul 2019 18:28:45 : INFO [写入MAC]测试成功，输出:mac地址=mac地址写入成功，DC4427A09E38
Sat, 20 Jul 2019 18:29:28 : INFO [写入IP]测试成功，输出:ip地址=ip地址写入成功
Sat, 20 Jul 2019 18:30:06 : INFO [整机交易测试]测试成功，输出:<无>
Sat, 20 Jul 2019 18:30:06 : INFO 产品[RD52_RSU][整机测试工位]测试完成，测试通过！
Sat, 20 Jul 2019 18:30:06 : INFO 产品303019290156测试结果已保存
Sat, 20 Jul 2019 18:30:22 : INFO 开始测试产品[RD52_RSU]的[整机测试工位]
Sat, 20 Jul 2019 18:30:46 : INFO [写入MAC]测试成功，输出:mac地址=mac地址写入成功，DC4427A09E34
Sat, 20 Jul 2019 18:31:17 : INFO [写入IP]测试成功，输出:ip地址=ip地址写入成功
Sat, 20 Jul 2019 18:31:55 : INFO [整机交易测试]测试成功，输出:<无>
Sat, 20 Jul 2019 18:31:55 : INFO 产品[RD52_RSU][整机测试工位]测试完成，测试通过！
Sat, 20 Jul 2019 18:31:55 : INFO 产品303019290152测试结果已保存
Sat, 20 Jul 2019 18:32:25 : INFO 开始测试产品[RD52_RSU]的[整机测试工位]
Sat, 20 Jul 2019 18:32:44 : INFO [写入MAC]测试成功，输出:mac地址=mac地址写入成功，DC4427A09E31
Sat, 20 Jul 2019 18:33:27 : INFO [写入IP]测试成功，输出:ip地址=ip地址写入成功
Sat, 20 Jul 2019 18:34:04 : INFO [整机交易测试]测试成功，输出:<无>
Sat, 20 Jul 2019 18:34:04 : INFO 产品[RD52_RSU][整机测试工位]测试完成，测试通过！
Sat, 20 Jul 2019 18:34:04 : INFO 产品303019290149测试结果已保存
Sat, 20 Jul 2019 18:34:20 : INFO 开始测试产品[RD52_RSU]的[整机测试工位]
Sat, 20 Jul 2019 18:34:41 : INFO [写入MAC]测试成功，输出:mac地址=mac地址写入成功，DC4427A09E2D
Sat, 20 Jul 2019 18:35:24 : INFO [写入IP]测试成功，输出:ip地址=ip地址写入成功
Sat, 20 Jul 2019 18:36:43 : INFO [整机交易测试]测试成功，输出:<无>
Sat, 20 Jul 2019 18:36:43 : INFO 产品[RD52_RSU][整机测试工位]测试完成，测试通过！
Sat, 20 Jul 2019 18:36:43 : INFO 产品303019290145测试结果已保存
Sat, 20 Jul 2019 18:36:57 : INFO 开始测试产品[RD52_RSU]的[整机测试工位]
Sat, 20 Jul 2019 18:37:23 : INFO [写入MAC]测试成功，输出:mac地址=mac地址写入成功，DC4427A09E33
Sat, 20 Jul 2019 18:37:54 : INFO [写入IP]测试成功，输出:ip地址=ip地址写入成功
Sat, 20 Jul 2019 18:38:34 : INFO [整机交易测试]测试成功，输出:<无>
Sat, 20 Jul 2019 18:38:34 : INFO 产品[RD52_RSU][整机测试工位]测试完成，测试通过！
Sat, 20 Jul 2019 18:38:35 : INFO 产品303019290151测试结果已保存
Sat, 20 Jul 2019 18:38:53 : INFO 开始测试产品[RD52_RSU]的[整机测试工位]
Sat, 20 Jul 2019 18:39:14 : INFO [写入MAC]测试成功，输出:mac地址=mac地址写入成功，DC4427A09E2C
Sat, 20 Jul 2019 18:39:57 : INFO [写入IP]测试成功，输出:ip地址=ip地址写入成功
Sat, 20 Jul 2019 18:40:37 : INFO [整机交易测试]测试成功，输出:<无>
Sat, 20 Jul 2019 18:40:37 : INFO 产品[RD52_RSU][整机测试工位]测试完成，测试通过！
Sat, 20 Jul 2019 18:40:37 : INFO 产品303019290140测试结果已保存
Sat, 20 Jul 2019 18:40:55 : INFO 开始测试产品[RD52_RSU]的[整机测试工位]
Sat, 20 Jul 2019 18:41:16 : INFO [写入MAC]测试成功，输出:mac地址=mac地址写入成功，DC4427A09E30
Sat, 20 Jul 2019 18:41:59 : INFO [写入IP]测试成功，输出:ip地址=ip地址写入成功
Sat, 20 Jul 2019 18:42:38 : INFO [整机交易测试]测试成功，输出:<无>
Sat, 20 Jul 2019 18:42:38 : INFO 产品[RD52_RSU][整机测试工位]测试完成，测试通过！
Sat, 20 Jul 2019 18:42:38 : INFO 产品303019290148测试结果已保存
Sat, 20 Jul 2019 18:42:53 : INFO 开始测试产品[RD52_RSU]的[整机测试工位]
Sat, 20 Jul 2019 18:43:13 : INFO [写入MAC]测试成功，输出:mac地址=mac地址写入成功，DC4427A09E2A
Sat, 20 Jul 2019 18:43:57 : INFO [写入IP]测试成功，输出:ip地址=ip地址写入成功
Sat, 20 Jul 2019 18:44:35 : INFO [整机交易测试]测试成功，输出:<无>
Sat, 20 Jul 2019 18:44:35 : INFO 产品[RD52_RSU][整机测试工位]测试完成，测试通过！
Sat, 20 Jul 2019 18:44:35 : INFO 产品303019290143测试结果已保存
Sat, 20 Jul 2019 18:45:07 : INFO 开始测试产品[RD52_RSU]的[整机测试工位]
Sat, 20 Jul 2019 18:45:39 : INFO [写入MAC]测试成功，输出:mac地址=mac地址写入成功，DC4427A09E2B
Sat, 20 Jul 2019 18:46:05 : INFO [写入IP]测试成功，输出:ip地址=ip地址写入成功
Sat, 20 Jul 2019 18:47:09 : INFO [整机交易测试]测试成功，输出:<无>
Sat, 20 Jul 2019 18:47:09 : INFO 产品[RD52_RSU][整机测试工位]测试完成，测试通过！
Sat, 20 Jul 2019 18:47:09 : INFO 产品303019290144测试结果已保存
Sat, 20 Jul 2019 18:47:57 : INFO 开始测试产品[RD52_RSU]的[整机测试工位]
Sat, 20 Jul 2019 18:48:15 : INFO [写入MAC]测试成功，输出:mac地址=mac地址写入成功，DC4427A09E2F
Sat, 20 Jul 2019 18:48:58 : INFO [写入IP]测试成功，输出:ip地址=ip地址写入成功
Sat, 20 Jul 2019 18:49:36 : INFO [整机交易测试]测试成功，输出:<无>
Sat, 20 Jul 2019 18:49:36 : INFO 产品[RD52_RSU][整机测试工位]测试完成，测试通过！
Sat, 20 Jul 2019 18:49:36 : INFO 产品303019290147测试结果已保存
Sat, 20 Jul 2019 18:49:54 : INFO 开始测试产品[RD52_RSU]的[整机测试工位]
Sat, 20 Jul 2019 18:50:17 : INFO [写入MAC]测试成功，输出:mac地址=mac地址写入成功，DC4427A09E29
Sat, 20 Jul 2019 18:50:49 : INFO [写入IP]测试成功，输出:ip地址=ip地址写入成功
Sat, 20 Jul 2019 18:51:26 : INFO [整机交易测试]测试成功，输出:<无>
Sat, 20 Jul 2019 18:51:26 : INFO 产品[RD52_RSU][整机测试工位]测试完成，测试通过！
Sat, 20 Jul 2019 18:51:27 : INFO 产品303019290142测试结果已保存
Sat, 20 Jul 2019 18:51:40 : INFO 开始测试产品[RD52_RSU]的[整机测试工位]
Sat, 20 Jul 2019 18:52:01 : INFO [写入MAC]测试成功，输出:mac地址=mac地址写入成功，DC4427A09E2E
Sat, 20 Jul 2019 18:52:44 : INFO [写入IP]测试成功，输出:ip地址=ip地址写入成功
Sat, 20 Jul 2019 18:53:38 : INFO [整机交易测试]测试成功，输出:<无>
Sat, 20 Jul 2019 18:53:38 : INFO 产品[RD52_RSU][整机测试工位]测试完成，测试通过！
Sat, 20 Jul 2019 18:53:38 : INFO 产品303019290146测试结果已保存
Sat, 20 Jul 2019 18:55:02 : INFO 检测员[admin]登录成功，即将测试[RD52_RSU]产品的[整机测试工位]
Sat, 20 Jul 2019 18:55:03 : INFO 开始测试产品[RD52_RSU]的[整机测试工位]
Sat, 20 Jul 2019 18:55:14 : INFO [写入MAC]测试成功，输出:mac地址=mac地址写入成功，DC4427A09E27
Sat, 20 Jul 2019 18:55:41 : INFO [写入IP]测试成功，输出:ip地址=ip地址写入成功
Sat, 20 Jul 2019 18:56:19 : INFO [整机交易测试]测试成功，输出:交易测试RSSI=18900
Sat, 20 Jul 2019 18:56:19 : INFO 产品[RD52_RSU][整机测试工位]测试完成，测试通过！
Sat, 20 Jul 2019 18:56:19 : INFO 产品303019290138测试结果已保存
Sat, 20 Jul 2019 18:56:32 : INFO 开始测试产品[RD52_RSU]的[整机测试工位]
Sat, 20 Jul 2019 18:56:53 : INFO [写入MAC]测试成功，输出:mac地址=mac地址写入成功，DC4427A09E23
Sat, 20 Jul 2019 18:57:36 : INFO [写入IP]测试成功，输出:ip地址=ip地址写入成功
Sat, 20 Jul 2019 18:59:41 : INFO [整机交易测试]测试成功，输出:交易测试RSSI=19027
Sat, 20 Jul 2019 18:59:41 : INFO 产品[RD52_RSU][整机测试工位]测试完成，测试通过！
Sat, 20 Jul 2019 18:59:42 : INFO 产品303019290135测试结果已保存
Sat, 20 Jul 2019 18:59:57 : INFO 开始测试产品[RD52_RSU]的[整机测试工位]
Sat, 20 Jul 2019 19:00:18 : INFO [写入MAC]测试成功，输出:mac地址=mac地址写入成功，DC4427A09E28
Sat, 20 Jul 2019 19:01:01 : INFO [写入IP]测试成功，输出:ip地址=ip地址写入成功
Sat, 20 Jul 2019 19:01:40 : INFO [整机交易测试]测试成功，输出:交易测试RSSI=18960
Sat, 20 Jul 2019 19:01:40 : INFO 产品[RD52_RSU][整机测试工位]测试完成，测试通过！
Sat, 20 Jul 2019 19:01:40 : INFO 产品303019290141测试结果已保存
Sat, 20 Jul 2019 19:02:07 : INFO 开始测试产品[RD52_RSU]的[整机测试工位]
Sat, 20 Jul 2019 19:02:36 : INFO [写入MAC]测试成功，输出:mac地址=mac地址写入成功，DC4427A09E22
Sat, 20 Jul 2019 19:03:03 : INFO [写入IP]测试成功，输出:ip地址=ip地址写入成功
Sat, 20 Jul 2019 19:03:40 : INFO [整机交易测试]测试成功，输出:交易测试RSSI=19028
Sat, 20 Jul 2019 19:03:40 : INFO 产品[RD52_RSU][整机测试工位]测试完成，测试通过！
Sat, 20 Jul 2019 19:03:40 : INFO 产品303019290134测试结果已保存
Sat, 20 Jul 2019 19:03:59 : INFO 开始测试产品[RD52_RSU]的[整机测试工位]
Sat, 20 Jul 2019 19:04:24 : INFO [写入MAC]测试成功，输出:mac地址=mac地址写入成功，DC4427A09E20
Sat, 20 Jul 2019 19:04:56 : INFO [写入IP]测试成功，输出:ip地址=ip地址写入成功
Sat, 20 Jul 2019 19:05:37 : INFO [整机交易测试]测试成功，输出:交易测试RSSI=18886
Sat, 20 Jul 2019 19:05:37 : INFO 产品[RD52_RSU][整机测试工位]测试完成，测试通过！
Sat, 20 Jul 2019 19:05:37 : INFO 产品303019290132测试结果已保存
Sat, 20 Jul 2019 19:06:16 : INFO 开始测试产品[RD52_RSU]的[整机测试工位]
Sat, 20 Jul 2019 19:06:36 : INFO [写入MAC]测试成功，输出:mac地址=mac地址写入成功，DC4427A09E26
Sat, 20 Jul 2019 19:07:20 : INFO [写入IP]测试成功，输出:ip地址=ip地址写入成功
Sat, 20 Jul 2019 19:07:58 : INFO [整机交易测试]测试成功，输出:交易测试RSSI=19064
Sat, 20 Jul 2019 19:07:58 : INFO 产品[RD52_RSU][整机测试工位]测试完成，测试通过！
Sat, 20 Jul 2019 19:07:58 : INFO 产品303019290137测试结果已保存
Sat, 20 Jul 2019 19:08:16 : INFO 开始测试产品[RD52_RSU]的[整机测试工位]
Sat, 20 Jul 2019 19:08:37 : INFO [写入MAC]测试成功，输出:mac地址=mac地址写入成功，DC4427A09E1F
Sat, 20 Jul 2019 19:09:10 : INFO [写入IP]测试成功，输出:ip地址=ip地址写入成功
Sat, 20 Jul 2019 19:09:53 : INFO [整机交易测试]测试成功，输出:交易测试RSSI=18845
Sat, 20 Jul 2019 19:09:53 : INFO 产品[RD52_RSU][整机测试工位]测试完成，测试通过！
Sat, 20 Jul 2019 19:09:53 : INFO 产品303019290131测试结果已保存
Sat, 20 Jul 2019 19:10:07 : INFO 开始测试产品[RD52_RSU]的[整机测试工位]
Sat, 20 Jul 2019 19:10:32 : INFO [写入MAC]测试成功，输出:mac地址=mac地址写入成功，DC4427A09E24
Sat, 20 Jul 2019 19:11:04 : INFO [写入IP]测试成功，输出:ip地址=ip地址写入成功
Sat, 20 Jul 2019 19:11:42 : INFO [整机交易测试]测试成功，输出:交易测试RSSI=19079
Sat, 20 Jul 2019 19:11:42 : INFO 产品[RD52_RSU][整机测试工位]测试完成，测试通过！
Sat, 20 Jul 2019 19:11:42 : INFO 产品303019290136测试结果已保存
Sat, 20 Jul 2019 19:11:55 : INFO 开始测试产品[RD52_RSU]的[整机测试工位]
Sat, 20 Jul 2019 19:12:21 : INFO [写入MAC]测试成功，输出:mac地址=mac地址写入成功，DC4427A09E25
Sat, 20 Jul 2019 19:12:53 : INFO [写入IP]测试成功，输出:ip地址=ip地址写入成功
Sat, 20 Jul 2019 19:13:31 : INFO [整机交易测试]测试成功，输出:交易测试RSSI=19027
Sat, 20 Jul 2019 19:13:31 : INFO 产品[RD52_RSU][整机测试工位]测试完成，测试通过！
Sat, 20 Jul 2019 19:13:31 : INFO 产品303019290139测试结果已保存
Sat, 20 Jul 2019 19:13:45 : INFO 开始测试产品[RD52_RSU]的[整机测试工位]
Sat, 20 Jul 2019 19:14:05 : INFO [写入MAC]测试成功，输出:mac地址=mac地址写入成功，DC4427A09E21
Sat, 20 Jul 2019 19:14:48 : INFO [写入IP]测试成功，输出:ip地址=ip地址写入成功
Sat, 20 Jul 2019 19:15:28 : INFO [整机交易测试]测试成功，输出:交易测试RSSI=18874
Sat, 20 Jul 2019 19:15:28 : INFO 产品[RD52_RSU][整机测试工位]测试完成，测试通过！
Sat, 20 Jul 2019 19:15:29 : INFO 产品303019290133测试结果已保存
Sat, 20 Jul 2019 19:15:41 : INFO 开始测试产品[RD52_RSU]的[整机测试工位]
Sat, 20 Jul 2019 19:16:02 : INFO 写入MAC(编号:01)测试失败：整机条码未绑定mac,请退回上一工位，输出:<无>
Sat, 20 Jul 2019 19:16:02 : INFO 产品[RD52_RSU][整机测试工位]测试完成，结果不通过！
Sat, 20 Jul 2019 19:16:03 : INFO 产品 303019290126测试结果已保存
Sat, 20 Jul 2019 19:16:31 : INFO 开始测试产品[RD52_RSU]的[整机测试工位]
Sat, 20 Jul 2019 19:16:52 : INFO [写入MAC]测试成功，输出:mac地址=mac地址写入成功，DC4427A09E1A
Sat, 20 Jul 2019 19:17:35 : INFO [写入IP]测试成功，输出:ip地址=ip地址写入成功
Sat, 20 Jul 2019 19:18:17 : INFO [整机交易测试]测试成功，输出:交易测试RSSI=19004
Sat, 20 Jul 2019 19:18:17 : INFO 产品[RD52_RSU][整机测试工位]测试完成，测试通过！
Sat, 20 Jul 2019 19:18:17 : INFO 产品303019290126测试结果已保存
Sat, 20 Jul 2019 19:18:31 : INFO 开始测试产品[RD52_RSU]的[整机测试工位]
Sat, 20 Jul 2019 19:18:52 : INFO [写入MAC]测试成功，输出:mac地址=mac地址写入成功，DC4427A09E1E
Sat, 20 Jul 2019 19:19:35 : INFO [写入IP]测试成功，输出:ip地址=ip地址写入成功
Sat, 20 Jul 2019 19:20:12 : INFO [整机交易测试]测试成功，输出:交易测试RSSI=19029
Sat, 20 Jul 2019 19:20:12 : INFO 产品[RD52_RSU][整机测试工位]测试完成，测试通过！
Sat, 20 Jul 2019 19:20:13 : INFO 产品303019290130测试结果已保存
Sat, 20 Jul 2019 19:20:26 : INFO 开始测试产品[RD52_RSU]的[整机测试工位]
Sat, 20 Jul 2019 19:20:46 : INFO [写入MAC]测试成功，输出:mac地址=mac地址写入成功，DC4427A09E1B
Sat, 20 Jul 2019 19:21:29 : INFO [写入IP]测试成功，输出:ip地址=ip地址写入成功
Sat, 20 Jul 2019 19:22:06 : INFO [整机交易测试]测试成功，输出:交易测试RSSI=18986
Sat, 20 Jul 2019 19:22:07 : INFO 产品[RD52_RSU][整机测试工位]测试完成，测试通过！
Sat, 20 Jul 2019 19:22:07 : INFO 产品303019290127测试结果已保存
Sat, 20 Jul 2019 19:22:24 : INFO 开始测试产品[RD52_RSU]的[整机测试工位]
Sat, 20 Jul 2019 19:22:48 : INFO [写入MAC]测试成功，输出:mac地址=mac地址写入成功，DC4427A09E1D
Sat, 20 Jul 2019 19:23:20 : INFO [写入IP]测试成功，输出:ip地址=ip地址写入成功
Sat, 20 Jul 2019 19:24:08 : INFO [整机交易测试]测试成功，输出:交易测试RSSI=18952
Sat, 20 Jul 2019 19:24:08 : INFO 产品[RD52_RSU][整机测试工位]测试完成，测试通过！
Sat, 20 Jul 2019 19:24:09 : INFO 产品303019290129测试结果已保存
Sat, 20 Jul 2019 19:24:25 : INFO 开始测试产品[RD52_RSU]的[整机测试工位]
Sat, 20 Jul 2019 19:24:46 : INFO [写入MAC]测试成功，输出:mac地址=mac地址写入成功，DC4427A09E1C
Sat, 20 Jul 2019 19:25:29 : INFO [写入IP]测试成功，输出:ip地址=ip地址写入成功
Sat, 20 Jul 2019 19:26:06 : INFO [整机交易测试]测试成功，输出:交易测试RSSI=18985
Sat, 20 Jul 2019 19:26:06 : INFO 产品[RD52_RSU][整机测试工位]测试完成，测试通过！
Sat, 20 Jul 2019 19:26:06 : INFO 产品303019290128测试结果已保存
Sat, 20 Jul 2019 19:26:27 : INFO 开始测试产品[RD52_RSU]的[整机测试工位]
Sat, 20 Jul 2019 19:27:04 : INFO [整机交易测试]测试成功，输出:交易测试RSSI=19073
Sat, 20 Jul 2019 19:27:04 : INFO 产品[RD52_RSU][整机测试工位]测试完成，测试通过！
