Thu, 18 Jul 2019 16:55:03 : INFO 单机登录，即将测试[RD50C_RSU]产品的[RSDB0单板功能测试工位]
Thu, 18 Jul 2019 16:56:43 : INFO 单机登录，即将测试[RD50C_RSU]产品的[RSDB0单板功能测试工位]
Thu, 18 Jul 2019 16:56:51 : INFO 检测员[单机]退出
Thu, 18 Jul 2019 16:56:54 : INFO 单机登录，即将测试[RD50C_RSU]产品的[RSDB0单板功能测试工位]
Thu, 18 Jul 2019 16:57:27 : INFO 单机登录，即将测试[RD50C_RSU]产品的[RSDB0单板功能测试工位]
Thu, 18 Jul 2019 16:57:27 : INFO 开始测试产品[RD50C_RSU]的[RSDB0单板功能测试工位](维修测试)
Thu, 18 Jul 2019 16:57:29 : INFO 由于[用户人工中止]，本次测试流程终止，本次测试结果抛弃！
Thu, 18 Jul 2019 17:26:11 : INFO 单机登录，即将测试[RD50C_RSU]产品的[RSDB0单板电源检测工位]
Thu, 18 Jul 2019 17:26:13 : INFO 开始测试产品[RD50C_RSU]的[RSDB0单板电源检测工位](维修测试)
Thu, 18 Jul 2019 17:26:17 : INFO [电源网络短路测试]测试成功，输出:<无>
Thu, 18 Jul 2019 17:26:22 : INFO [电源网络电压精度测试]测试成功，输出:<无>
Thu, 18 Jul 2019 17:26:22 : INFO 产品[RD50C_RSU][RSDB0单板电源检测工位]测试完成，测试通过！
Thu, 18 Jul 2019 19:17:19 : INFO 单机登录，即将测试[RD52_RSU]产品的[RSRB4单板电源&单板功能测试工位]
Thu, 18 Jul 2019 19:17:23 : INFO 检测员[单机]退出
Thu, 18 Jul 2019 19:17:27 : INFO 单机登录，即将测试[RD52_RSU]产品的[RSRB4单板电源&单板功能测试工位]
Thu, 18 Jul 2019 19:17:56 : INFO 开始测试产品[RD52_RSU]的[RSRB4单板电源&单板功能测试工位](维修测试)
Thu, 18 Jul 2019 19:18:03 : INFO 发射模拟控制功率测试(编号:04)测试失败：MaxMin的发射功率为-27.872022889: 失败
MinMax的发射功率为-27.1142128054: 失败
MaxMax的发射功率为-27.872022889: 失败，输出:<无>
Thu, 18 Jul 2019 19:18:04 : INFO [接收RSSI值测试]测试成功，输出:16进制：=15ac,RSSI值为：=5548
Thu, 18 Jul 2019 19:18:04 : INFO 产品[RD52_RSU][RSRB4单板电源&单板功能测试工位]测试完成，结果不通过！
Thu, 18 Jul 2019 19:19:33 : INFO 单机登录，即将测试[RD52_RSU]产品的[RSRB4单板电源&单板功能测试工位]
Thu, 18 Jul 2019 19:19:38 : INFO 开始测试产品[RD52_RSU]的[RSRB4单板电源&单板功能测试工位](维修测试)
Thu, 18 Jul 2019 19:19:44 : INFO 发射模拟控制功率测试(编号:04)测试失败：MaxMin的发射功率为-28.5873028147: 失败
MaxMax的发射功率为-26.5922517785: 失败
MinMax的发射功率为-25.7068512218: 失败，输出:<无>
Thu, 18 Jul 2019 19:19:46 : INFO [接收RSSI值测试]测试成功，输出:16进制：=159d,RSSI值为：=5533
Thu, 18 Jul 2019 19:19:46 : INFO 产品[RD52_RSU][RSRB4单板电源&单板功能测试工位]测试完成，结果不通过！
Thu, 18 Jul 2019 19:25:40 : INFO 单机登录，即将测试[RD52_RSU]产品的[RSRB4单板电源&单板功能测试工位]
Thu, 18 Jul 2019 19:25:47 : INFO 开始测试产品[RD52_RSU]的[RSRB4单板电源&单板功能测试工位](维修测试)
Thu, 18 Jul 2019 19:25:53 : INFO [发射模拟控制功率测试]测试成功，输出:MaxMax的发射功率为28.5925610888,MaxMin的发射功率为16.6106557377,MinMax的发射功率为-1.55745437674=全部测试通过
Thu, 18 Jul 2019 19:25:54 : INFO [接收RSSI值测试]测试成功，输出:16进制：=4a2a,RSSI值为：=18986
Thu, 18 Jul 2019 19:25:54 : INFO 产品[RD52_RSU][RSRB4单板电源&单板功能测试工位]测试完成，测试通过！
Thu, 18 Jul 2019 19:27:27 : INFO 单机登录，即将测试[RD52_RSU]产品的[RSRB4单板电源&单板功能测试工位]
Thu, 18 Jul 2019 19:27:31 : INFO 开始测试产品[RD52_RSU]的[RSRB4单板电源&单板功能测试工位](维修测试)
Thu, 18 Jul 2019 19:27:37 : INFO [发射模拟控制功率测试]测试成功，输出:MaxMin的发射功率为16.8039746366,MinMax的发射功率为-1.74690689762,MaxMax的发射功率为28.7820136097=全部测试通过
Thu, 18 Jul 2019 19:27:38 : INFO [接收RSSI值测试]测试成功，输出:16进制：=4801,RSSI值为：=18433
Thu, 18 Jul 2019 19:27:38 : INFO 产品[RD52_RSU][RSRB4单板电源&单板功能测试工位]测试完成，测试通过！
Thu, 18 Jul 2019 19:46:02 : INFO 单机登录，即将测试[RD50C_RSU]产品的[RSDB0单板功能测试工位]
Thu, 18 Jul 2019 20:01:21 : INFO 单机登录，即将测试[RD50C_RSU]产品的[RSDB0单板功能测试工位]
Thu, 18 Jul 2019 20:02:07 : INFO 单机登录，即将测试[RD50C_RSU]产品的[RSDB0单板功能测试工位]
Thu, 18 Jul 2019 20:04:43 : INFO 单机登录，即将测试[RD50C_RSU]产品的[RSDB0单板功能测试工位]
Thu, 18 Jul 2019 20:05:34 : INFO 单机登录，即将测试[RD50C_RSU]产品的[RSDB0单板功能测试工位]
