Tue, 23 Jul 2019 15:53:41 : INFO 单机登录，即将测试[RD52_RSU]产品的[RSDB5单板功能测试工位]
Tue, 23 Jul 2019 15:53:44 : INFO 检测员[单机]退出
Tue, 23 Jul 2019 15:53:47 : INFO 单机登录，即将测试[RD52_RSU]产品的[RSDB5单板功能测试工位]
Tue, 23 Jul 2019 15:53:54 : INFO 检测员[单机]退出
Tue, 23 Jul 2019 15:53:55 : INFO 单机登录，即将测试[RD52_RSU]产品的[RSDB5单板功能测试工位]
Tue, 23 Jul 2019 15:54:14 : INFO 单机登录，即将测试[RD50C_RSU]产品的[RSDB0单板功能测试工位]
Tue, 23 Jul 2019 15:54:16 : INFO 检测员[单机]退出
Tue, 23 Jul 2019 15:54:19 : INFO 单机登录，即将测试[RD50C_RSU]产品的[RSDB0单板功能测试工位]
Tue, 23 Jul 2019 15:54:58 : INFO 开始测试产品[RD50C_RSU]的[RSDB0单板功能测试工位](维修测试)
Tue, 23 Jul 2019 15:55:10 : INFO [查询版本号]测试成功，输出:备用系统版本号=1.00.00,应用版本号=1.20.00,系统版本号=1.00.00
Tue, 23 Jul 2019 15:55:18 : INFO [EEPROM测试]测试成功，输出:EEPROM测试=EEPROM读写成功
Tue, 23 Jul 2019 15:55:18 : INFO 产品[RD50C_RSU][RSDB0单板功能测试工位]测试完成，测试通过！
Tue, 23 Jul 2019 17:02:35 : INFO 单机登录，即将测试[RD50C_RSU]产品的[RSDB0单板功能测试工位]
Tue, 23 Jul 2019 17:02:39 : INFO 检测员[单机]退出
Tue, 23 Jul 2019 17:02:42 : INFO 单机登录，即将测试[RD50C_RSU]产品的[RSDB0单板功能测试工位]
Tue, 23 Jul 2019 17:02:49 : INFO 开始测试产品[RD50C_RSU]的[RSDB0单板功能测试工位](维修测试)
Tue, 23 Jul 2019 17:02:58 : INFO [查询版本号]测试成功，输出:备用系统版本号=1.00.00,应用版本号=1.20.00,系统版本号=1.00.00
Tue, 23 Jul 2019 17:03:06 : INFO [EEPROM测试]测试成功，输出:EEPROM测试=EEPROM读写成功
Tue, 23 Jul 2019 17:03:06 : INFO PSAM卡槽[0]激活失败e801
Tue, 23 Jul 2019 17:03:06 : INFO PSAM卡槽[1]激活失败e801
Tue, 23 Jul 2019 17:03:06 : INFO PSAM卡槽[2]激活失败e801
Tue, 23 Jul 2019 17:03:06 : INFO PSAM卡槽[3]激活失败e801
Tue, 23 Jul 2019 17:03:06 : INFO PSAM卡接口测试(编号:05)测试失败：PSAM卡槽0,1,2,3激活失败，输出:<无>
Tue, 23 Jul 2019 17:03:58 : INFO [面板灯接口测试]测试成功，输出:<无>
Tue, 23 Jul 2019 17:03:58 : INFO PCIE测试(编号:07)测试失败：PCIE测试失败，输出:<无>
Tue, 23 Jul 2019 17:03:58 : INFO 产品[RD50C_RSU][RSDB0单板功能测试工位]测试完成，结果不通过！
Tue, 23 Jul 2019 18:04:47 : INFO 检测员[admin]登录成功，即将测试[RD50C_RSU]产品的[整机测试工位]
Tue, 23 Jul 2019 18:05:59 : INFO 开始测试产品[RD50C_RSU]的[RSDB0单板电源检测工位]
Tue, 23 Jul 2019 18:06:05 : INFO [扫码条码]测试成功，输出:RSDB0单板条码=123411112222
Tue, 23 Jul 2019 18:06:05 : INFO 产品[RD50C_RSU][RSDB0单板电源检测工位]测试完成，测试通过！
Tue, 23 Jul 2019 18:06:06 : INFO 产品123411112222测试结果已保存
Tue, 23 Jul 2019 18:06:12 : INFO 开始测试产品[RD50C_RSU]的[RSDB0单板EPLD下载工位]
Tue, 23 Jul 2019 18:06:16 : INFO [扫码条码]测试成功，输出:RSDB0单板条码=123411112222
Tue, 23 Jul 2019 18:06:16 : INFO 产品[RD50C_RSU][RSDB0单板EPLD下载工位]测试完成，测试通过！
Tue, 23 Jul 2019 18:06:16 : INFO 产品123411112222测试结果已保存
Tue, 23 Jul 2019 18:06:23 : INFO 开始测试产品[RD50C_RSU]的[RSDB0单板功能测试工位]
Tue, 23 Jul 2019 18:06:27 : INFO [扫码条码]测试成功，输出:RSDB0单板条码=123411112222
Tue, 23 Jul 2019 18:06:27 : INFO 产品[RD50C_RSU][RSDB0单板功能测试工位]测试完成，测试通过！
Tue, 23 Jul 2019 18:06:27 : INFO 产品123411112222测试结果已保存
Tue, 23 Jul 2019 18:06:30 : INFO 开始测试产品[RD50C_RSU]的[整机测试工位]
Tue, 23 Jul 2019 18:06:51 : INFO [扫码条码并写入MAC]测试成功，输出:MAC1地址=AAAAAAAAAAB1,MAC2地址=AAAAAAAAAAB2,单板条码=123411112222,整机条码=123411113333
Tue, 23 Jul 2019 18:07:16 : INFO [写入IP]测试成功，输出:ip地址=ip地址写入成功
Tue, 23 Jul 2019 18:07:16 : INFO 由于[严重异常，测试终止，请检查软硬件设置：需要的属性[NetTwoIp]不在这里面]，本次测试流程终止，本次测试结果抛弃！
Tue, 23 Jul 2019 18:15:03 : INFO 检测员[admin]登录成功，即将测试[RD50C_RSU]产品的[整机测试工位]
Tue, 23 Jul 2019 18:15:19 : INFO 开始测试产品[RD50C_RSU]的[整机测试工位]
Tue, 23 Jul 2019 18:15:25 : INFO 由于[用户人工中止]，本次测试流程终止，本次测试结果抛弃！
Tue, 23 Jul 2019 18:15:32 : INFO 开始测试产品[RD50C_RSU]的[RSDB0单板电源检测工位]
Tue, 23 Jul 2019 18:15:40 : INFO [扫码条码]测试成功，输出:RSDB0单板条码=123400000001
Tue, 23 Jul 2019 18:15:40 : INFO 产品[RD50C_RSU][RSDB0单板电源检测工位]测试完成，测试通过！
Tue, 23 Jul 2019 18:15:41 : INFO 产品123400000001测试结果已保存
Tue, 23 Jul 2019 18:15:47 : INFO 开始测试产品[RD50C_RSU]的[RSDB0单板EPLD下载工位]
Tue, 23 Jul 2019 18:15:52 : INFO [扫码条码]测试成功，输出:RSDB0单板条码=123400000001
Tue, 23 Jul 2019 18:15:52 : INFO 产品[RD50C_RSU][RSDB0单板EPLD下载工位]测试完成，测试通过！
Tue, 23 Jul 2019 18:15:53 : INFO 产品123400000001测试结果已保存
Tue, 23 Jul 2019 18:15:59 : INFO 开始测试产品[RD50C_RSU]的[RSDB0单板功能测试工位]
Tue, 23 Jul 2019 18:16:04 : INFO [扫码条码]测试成功，输出:RSDB0单板条码=123400000001
Tue, 23 Jul 2019 18:16:04 : INFO 产品[RD50C_RSU][RSDB0单板功能测试工位]测试完成，测试通过！
Tue, 23 Jul 2019 18:16:04 : INFO 产品123400000001测试结果已保存
Tue, 23 Jul 2019 18:16:08 : INFO 开始测试产品[RD50C_RSU]的[整机测试工位]
Tue, 23 Jul 2019 18:16:20 : INFO [扫码条码并写入MAC]测试成功，输出:MAC1地址=AAAAAAAAAAB3,MAC2地址=AAAAAAAAAAB4,单板条码=123400000001,整机条码=123400000002
Tue, 23 Jul 2019 18:17:21 : INFO [写入IP]测试成功，输出:ip地址=ip地址写入成功
Tue, 23 Jul 2019 18:17:21 : INFO 由于[严重异常，测试终止，请检查软硬件设置：需要的属性[NetTwoIp]不在这里面]，本次测试流程终止，本次测试结果抛弃！
Tue, 23 Jul 2019 18:20:00 : INFO 检测员[admin]登录成功，即将测试[RD50C_RSU]产品的[整机测试工位]
Tue, 23 Jul 2019 18:20:09 : INFO 开始测试产品[RD50C_RSU]的[整机测试工位]
Tue, 23 Jul 2019 18:20:36 : INFO [扫码条码并写入MAC]测试成功，输出:MAC1地址=AAAAAAAAAAB5,MAC2地址=AAAAAAAAAAB6,单板条码=123400000001,整机条码=123400000002
Tue, 23 Jul 2019 18:21:38 : INFO [写入IP]测试成功，输出:ip地址=ip地址写入成功
Tue, 23 Jul 2019 18:21:41 : INFO [网口2测试]测试成功，输出:网口2=测试通过
Tue, 23 Jul 2019 18:21:41 : INFO 产品[RD50C_RSU][整机测试工位]测试完成，测试通过！
Tue, 23 Jul 2019 18:21:41 : INFO 产品123400000002测试结果已保存
Tue, 23 Jul 2019 18:23:11 : INFO 开始测试产品[RD50C_RSU]的[整机测试工位]
Tue, 23 Jul 2019 18:23:23 : INFO [扫码条码并写入MAC]测试成功，输出:MAC1地址=AAAAAAAAAAB7,MAC2地址=AAAAAAAAAAB8,单板条码=123400000001,整机条码=123400000001
Tue, 23 Jul 2019 18:23:23 : INFO 产品[RD50C_RSU][整机测试工位]测试完成，测试通过！
Tue, 23 Jul 2019 18:23:23 : INFO 产品123400000001测试结果已保存
Tue, 23 Jul 2019 18:23:37 : INFO 开始测试产品[RD50C_RSU]的[整机测试工位]
Tue, 23 Jul 2019 18:23:49 : INFO [扫码条码并写入MAC]测试成功，输出:MAC1地址=AAAAAAAAAAB5,MAC2地址=AAAAAAAAAAB6,单板条码=123400000001,整机条码=123400000002
Tue, 23 Jul 2019 18:23:49 : INFO 产品[RD50C_RSU][整机测试工位]测试完成，测试通过！
Tue, 23 Jul 2019 18:23:49 : INFO 产品123400000002测试结果已保存
Tue, 23 Jul 2019 18:24:03 : INFO 开始测试产品[RD50C_RSU]的[整机测试工位]
Tue, 23 Jul 2019 18:24:19 : INFO [扫码条码并写入MAC]测试成功，输出:MAC1地址=AAAAAAAAAAB9,MAC2地址=AAAAAAAAAABA,单板条码=123400000001,整机条码=123400000005
Tue, 23 Jul 2019 18:24:19 : INFO 产品[RD50C_RSU][整机测试工位]测试完成，测试通过！
Tue, 23 Jul 2019 18:24:19 : INFO 产品123400000005测试结果已保存
Tue, 23 Jul 2019 18:24:23 : INFO 开始测试产品[RD50C_RSU]的[整机测试工位]
Tue, 23 Jul 2019 18:24:36 : INFO [扫码条码并写入MAC]测试成功，输出:MAC1地址=AAAAAAAAAAB9,MAC2地址=AAAAAAAAAABA,单板条码=123400000001,整机条码=123400000005
Tue, 23 Jul 2019 18:24:36 : INFO 产品[RD50C_RSU][整机测试工位]测试完成，测试通过！
Tue, 23 Jul 2019 18:24:36 : INFO 产品123400000005测试结果已保存
